<?xml version="1.0" encoding="UTF-8"?>
<!-- Generated by org.testng.reporters.JUnitReportReporter -->
<testsuite skipped="0" hostname="SanJaiKrus-MacBook-Air.local" name="webdrivertest" tests="1" failures="0" timestamp="19 Sep 2017 17:33:58 GMT" time="4.458" errors="0">
  <testcase name="FirstTest" time="4.458" classname="webdrivertest"/>
</testsuite> <!-- webdrivertest -->
